Línea 38: la clase MSAdodcLib.Adodc del control Adodc3 no era una clase de control cargada.
Línea 85: la clase MSAdodcLib.Adodc del control Adodc2 no era una clase de control cargada.
Línea 287: la clase MSFlexGridLib.MSFlexGrid del control FG2 no era una clase de control cargada.
Línea 311: la clase MSAdodcLib.Adodc del control Adodc1 no era una clase de control cargada.
Línea 455: la clase MSFlexGridLib.MSFlexGrid del control FG1 no era una clase de control cargada.
Línea 44: el nombre de la propiedad _ExtentX de Adodc3 no es válido.
Línea 45: el nombre de la propiedad _ExtentY de Adodc3 no es válido.
Línea 46: el nombre de la propiedad ConnectMode de Adodc3 no es válido.
Línea 47: el nombre de la propiedad CursorLocation de Adodc3 no es válido.
Línea 48: el nombre de la propiedad IsolationLevel de Adodc3 no es válido.
Línea 49: el nombre de la propiedad ConnectionTimeout de Adodc3 no es válido.
Línea 50: el nombre de la propiedad CommandTimeout de Adodc3 no es válido.
Línea 51: el nombre de la propiedad CursorType de Adodc3 no es válido.
Línea 52: el nombre de la propiedad LockType de Adodc3 no es válido.
Línea 53: el nombre de la propiedad CommandType de Adodc3 no es válido.
Línea 54: el nombre de la propiedad CursorOptions de Adodc3 no es válido.
Línea 55: el nombre de la propiedad CacheSize de Adodc3 no es válido.
Línea 56: el nombre de la propiedad MaxRecords de Adodc3 no es válido.
Línea 57: el nombre de la propiedad BOFAction de Adodc3 no es válido.
Línea 58: el nombre de la propiedad EOFAction de Adodc3 no es válido.
Línea 59: el nombre de la propiedad ConnectStringType de Adodc3 no es válido.
Línea 63: el nombre de la propiedad Orientation de Adodc3 no es válido.
Línea 65: el nombre de la propiedad Connect de Adodc3 no es válido.
Línea 66: el nombre de la propiedad OLEDBString de Adodc3 no es válido.
Línea 67: el nombre de la propiedad OLEDBFile de Adodc3 no es válido.
Línea 68: el nombre de la propiedad DataSourceName de Adodc3 no es válido.
Línea 69: el nombre de la propiedad OtherAttributes de Adodc3 no es válido.
Línea 70: el nombre de la propiedad UserName de Adodc3 no es válido.
Línea 71: el nombre de la propiedad Password de Adodc3 no es válido.
Línea 72: el nombre de la propiedad RecordSource de Adodc3 no es válido.
Línea 73: el nombre de la propiedad Caption de Adodc3 no es válido.
Línea 83: el nombre de la propiedad _Version de Adodc3 no es válido.
Línea 91: el nombre de la propiedad _ExtentX de Adodc2 no es válido.
Línea 92: el nombre de la propiedad _ExtentY de Adodc2 no es válido.
Línea 93: el nombre de la propiedad ConnectMode de Adodc2 no es válido.
Línea 94: el nombre de la propiedad CursorLocation de Adodc2 no es válido.
Línea 95: el nombre de la propiedad IsolationLevel de Adodc2 no es válido.
Línea 96: el nombre de la propiedad ConnectionTimeout de Adodc2 no es válido.
Línea 97: el nombre de la propiedad CommandTimeout de Adodc2 no es válido.
Línea 98: el nombre de la propiedad CursorType de Adodc2 no es válido.
Línea 99: el nombre de la propiedad LockType de Adodc2 no es válido.
Línea 100: el nombre de la propiedad CommandType de Adodc2 no es válido.
Línea 101: el nombre de la propiedad CursorOptions de Adodc2 no es válido.
Línea 102: el nombre de la propiedad CacheSize de Adodc2 no es válido.
Línea 103: el nombre de la propiedad MaxRecords de Adodc2 no es válido.
Línea 104: el nombre de la propiedad BOFAction de Adodc2 no es válido.
Línea 105: el nombre de la propiedad EOFAction de Adodc2 no es válido.
Línea 106: el nombre de la propiedad ConnectStringType de Adodc2 no es válido.
Línea 110: el nombre de la propiedad Orientation de Adodc2 no es válido.
Línea 112: el nombre de la propiedad Connect de Adodc2 no es válido.
Línea 113: el nombre de la propiedad OLEDBString de Adodc2 no es válido.
Línea 114: el nombre de la propiedad OLEDBFile de Adodc2 no es válido.
Línea 115: el nombre de la propiedad DataSourceName de Adodc2 no es válido.
Línea 116: el nombre de la propiedad OtherAttributes de Adodc2 no es válido.
Línea 117: el nombre de la propiedad UserName de Adodc2 no es válido.
Línea 118: el nombre de la propiedad Password de Adodc2 no es válido.
Línea 119: el nombre de la propiedad RecordSource de Adodc2 no es válido.
Línea 120: el nombre de la propiedad Caption de Adodc2 no es válido.
Línea 130: el nombre de la propiedad _Version de Adodc2 no es válido.
Línea 293: el nombre de la propiedad _ExtentX de FG2 no es válido.
Línea 294: el nombre de la propiedad _ExtentY de FG2 no es válido.
Línea 295: el nombre de la propiedad _Version de FG2 no es válido.
Línea 296: el nombre de la propiedad Rows de FG2 no es válido.
Línea 297: el nombre de la propiedad FixedCols de FG2 no es válido.
Línea 298: el nombre de la propiedad AllowUserResizing de FG2 no es válido.
Línea 317: el nombre de la propiedad _ExtentX de Adodc1 no es válido.
Línea 318: el nombre de la propiedad _ExtentY de Adodc1 no es válido.
Línea 319: el nombre de la propiedad ConnectMode de Adodc1 no es válido.
Línea 320: el nombre de la propiedad CursorLocation de Adodc1 no es válido.
Línea 321: el nombre de la propiedad IsolationLevel de Adodc1 no es válido.
Línea 322: el nombre de la propiedad ConnectionTimeout de Adodc1 no es válido.
Línea 323: el nombre de la propiedad CommandTimeout de Adodc1 no es válido.
Línea 324: el nombre de la propiedad CursorType de Adodc1 no es válido.
Línea 325: el nombre de la propiedad LockType de Adodc1 no es válido.
Línea 326: el nombre de la propiedad CommandType de Adodc1 no es válido.
Línea 327: el nombre de la propiedad CursorOptions de Adodc1 no es válido.
Línea 328: el nombre de la propiedad CacheSize de Adodc1 no es válido.
Línea 329: el nombre de la propiedad MaxRecords de Adodc1 no es válido.
Línea 330: el nombre de la propiedad BOFAction de Adodc1 no es válido.
Línea 331: el nombre de la propiedad EOFAction de Adodc1 no es válido.
Línea 332: el nombre de la propiedad ConnectStringType de Adodc1 no es válido.
Línea 336: el nombre de la propiedad Orientation de Adodc1 no es válido.
Línea 338: el nombre de la propiedad Connect de Adodc1 no es válido.
Línea 339: el nombre de la propiedad OLEDBString de Adodc1 no es válido.
Línea 340: el nombre de la propiedad OLEDBFile de Adodc1 no es válido.
Línea 341: el nombre de la propiedad DataSourceName de Adodc1 no es válido.
Línea 342: el nombre de la propiedad OtherAttributes de Adodc1 no es válido.
Línea 343: el nombre de la propiedad UserName de Adodc1 no es válido.
Línea 344: el nombre de la propiedad Password de Adodc1 no es válido.
Línea 345: el nombre de la propiedad RecordSource de Adodc1 no es válido.
Línea 346: el nombre de la propiedad Caption de Adodc1 no es válido.
Línea 356: el nombre de la propiedad _Version de Adodc1 no es válido.
Línea 461: el nombre de la propiedad _ExtentX de FG1 no es válido.
Línea 462: el nombre de la propiedad _ExtentY de FG1 no es válido.
Línea 463: el nombre de la propiedad _Version de FG1 no es válido.
Línea 464: el nombre de la propiedad Rows de FG1 no es válido.
Línea 465: el nombre de la propiedad FixedCols de FG1 no es válido.
Línea 466: el nombre de la propiedad HighLight de FG1 no es válido.
Línea 467: el nombre de la propiedad AllowUserResizing de FG1 no es válido.
